root - ERROR - No text for Jean Lumi\xc3\xa8re - Le temps des cerises
root - ERROR - No text for Elephant Man - Loud And Clear
root - ERROR - No text for FIR - Lydia [Piano Version]
root - ERROR - No text for Eric Champion - Dress Me Up
root - ERROR - No text for Zeltinger Band - Wo bleibt die Mark?
root - ERROR - No text for Bebe Winans - Love Thing
root - ERROR - No text for Penguin Caf\xc3\xa9 Orchestra - Bean Fields (Live) (2001 Digital Remaster)
root - ERROR - No text for Colombiafrica - The Mystic Orchestra - Sambangole / Tres Golpes Na Mas
root - ERROR - No text for Red Hot Chili Peppers - Naked In The Rain (Album Version)
root - ERROR - No text for The Kitchen - Who Are You?
root - ERROR - No text for Statues - There Are Things I Think You Should Know
root - ERROR - No text for CamRon / JR Writer - Shake
root - ERROR - No text for X-Raided - Thug Queen
root - ERROR - No text for Cornell Campbell - Give Your Love To Me
root - ERROR - No text for Tesla - So What!
root - ERROR - No text for \xc3\x84I-TIEM - Kleina Wixa
root - ERROR - No text for Little Feat - Down On The Farm (2006 Remastered Edit Version)
root - ERROR - No text for Mikey Dread - Two Track Dub (Dub / Instrumental Reggae Music)
root - ERROR - No text for Conjunto Mar Azul - Papel Quemado
root - ERROR - No text for Mal De Ojo - Lekeitio
root - ERROR - No text for Edmundo Ros - The Wedding Samba
root - ERROR - No text for Lionel Rogg - Prelude And Fugue In C Major BWV 545 : Prelude
root - ERROR - No text for Jimmy Riley - The Love We Had Version
root - ERROR - No text for Elliot Goldenthal - Vortex
root - ERROR - No text for John Brown - Uncle Interlude
root - ERROR - No text for Marilyn Horne / Wiener Opernorchester / Henry Lewis - Mon coeur souvre \xc3\xa0 ta voix
root - ERROR - No text for Jason Mraz - The Dynamo Of Volition [From An All Night Session]
root - ERROR - No text for Pyrolator - Gold Und Silber
root - ERROR - No text for James Scott Skinner - Triumph / Timour The Tartar / The Left Handed Fiddler / Speed The Plough / Deil Among The Tailors
root - ERROR - No text for Abraham Laboriel - Guidum
root - ERROR - No text for Grupo Batuque - Cavasamba Um
root - ERROR - No text for Sugar Minott - All Kind of People
root - ERROR - No text for Mudhoney - Between Me & You Kid (Album Version)
root - ERROR - No text for Out Of The Grey - The One Ive Been Waiting For (Diamond Days Album Version)
root - ERROR - No text for Dino - Untitled
root - ERROR - No text for Open Hand - The Ambush
root - ERROR - No text for X-ecutioners - Play That Beat
root - ERROR - No text for Mario Rosenstock - Berties Pets (Bonus Material)
root - ERROR - No text for Pumpkin Buzzard - Bladecrash Electrocution
root - ERROR - No text for Rishi Rich - Come Here Feat. Jay Sean
root - ERROR - No text for The Katies - Shes My Marijuana (LP Version)
root - ERROR - No text for Los Hispanos - El Aranero
root - ERROR - No text for Sugar Minott - Mash Up Mi Life
root - ERROR - No text for Paul Brown - Old Friends
root - ERROR - No text for Marvin Sapp - In His Presence (LP Version)
root - ERROR - No text for Sister Hazel - Space Between Us (Album Version)
root - ERROR - No text for Mighty Diamonds - Drifting Away
root - ERROR - No text for Eddie Henderson - Beyond Forever (2004 Digital Remaster)
root - ERROR - No text for Kartik Seshadri - Raga Anandi Kalyan (Alap_ jor and jhala)
root - ERROR - No text for Charlie Rich - Nice N Easy
root - ERROR - No text for Bad Religion - Doing Time (Album Version)
root - ERROR - No text for Saarbr\xc3\xbccken Radio Symphony Orchestra - Phase
root - ERROR - No text for Jackie Davis - Night Train (Album Version)
root - ERROR - No text for Less Than Jake - Short On Ideas / One Last Cigarette
root - ERROR - No text for Irwin Goodman - Liverpoolin pokia
root - ERROR - No text for Bill Douglas - Caroline
root - ERROR - No text for Gang Starr Featuring Jeru The Damaja And Lil Dap - Im The Man (Explicit) (Feat. Jeru The Damaja And Lil Dap)
root - ERROR - No text for Lenn Hammond - The Door
root - ERROR - No text for Cool For August - Dont Wanna Be Here (Album Version)
root - ERROR - No text for Sugar Minott - Now We Know
root - ERROR - No text for Unison - Girls Make My Hair Loose
root - ERROR - No text for Hatiras & Slarta John - Spaced Invader (Ian Pooley Club Mix)
root - ERROR - No text for Randy Travis - Down At The Old Corral (Album Version)
root - ERROR - No text for Jos\xc3\xa9 Augusto;Catia Guimma - Tudo Que Voc\xc3\xaa Quiser
root - ERROR - No text for fIREHOSE - Tien An Man Dream Again
root - ERROR - No text for Alternative TV - Nasty Little Lonely
root - ERROR - No text for Mike Bloomfield - Tell Me Partner
root - ERROR - No text for Francky Vincent - Ma Gar\xc3\xa7onni\xc3\xa9re
root - ERROR - No text for The Black Crowes - Nonfiction
root - ERROR - No text for Conjunto Clasico - Coqu\xc3\xad
root - ERROR - No text for Lily Holbrook - Smoke Screen
root - ERROR - No text for Georges Delerue - Ouverture
root - ERROR - No text for Ronnie Milsap - Up To Zion (High Key-Premiere Performance Plus w/o Background Vocals)
root - ERROR - No text for VHS Or Beta - Solid Gold (Evolution Mix) (2005 Digital Remaster)
root - ERROR - No text for T.G. Sheppard - Only One You
root - ERROR - No text for O2L - Little Edith
root - ERROR - No text for Clifton Chenier - Johnny Cant Dance
root - ERROR - No text for B.B. King - Please Remember Me
root - ERROR - No text for Zen Lemonade - Brazil Mon Amour
root - ERROR - No text for R. Kelly & Jay Z - Honey
root - ERROR - No text for Jan Wayne - Mad World (Money-G. Remix)
root - ERROR - No text for Jimmy Cliff - Take Your Time feat. Yannick Noah
root - ERROR - No text for The Forms - Innizar
root - ERROR - No text for Lionel Rogg - Toccata Et Fugue En R\xc3\xa9 Mineur BWV 565
root - ERROR - No text for Connie Francis - Embraceable You (LP Version from When The Boys Meet The Girls)
root - ERROR - No text for Larry The Cable Guy - Bass Pro Shop & Wal-Mart
root - ERROR - No text for The Kirkbys - Penny In My Pocket
root - ERROR - No text for Arc Angels - Nadine
root - ERROR - No text for Andy Griffith - I Love To Tell The Story  (Love To Tell The Story Album Version)
root - ERROR - No text for Eric Demarsan - Lombre dune chance
root - ERROR - No text for Myrick Freeze Guillory - Queen Ida Introduction
root - ERROR - No text for Ice-T & Chuck D - Round Two Wrap-Up
root - ERROR - No text for Billy Bragg & Wilco - She Came Along To Me (LP Version)
root - ERROR - No text for Hot Tuna - Extrication Love Song
root - ERROR - No text for G\xc3\xb6tterd\xc3\xa4mmerung - Skincree
root - ERROR - No text for Mil - Dis moi
root - ERROR - No text for The Twinkle Brothers - Under World Dub
root - ERROR - No text for Tum Tum - Lil Stuntin
root - ERROR - No text for Mr Dubz - Diss Location
root - ERROR - No text for Shakira - Did It Again (featuring Kid Cudi)
root - ERROR - No text for Die Bandbreite - Recht auf Lungenkrebs
root - ERROR - No text for Pardesi - Pardesi Pind Wich Ageya
root - ERROR - No text for Andre Verchuren - Tra-La-La Musette
root - ERROR - No text for Spieluhrmelodien - Zeigt her eure F\xc3\xbc\xc3\x9fe
root - ERROR - No text for Marco Beltrami - Past Meets Present
root - ERROR - No text for Michael Bloomfield - Narrative #1
root - ERROR - No text for Soul Embraced - Someday (Immune Album Version)
root - ERROR - No text for Scott Wesley Brown - Somebodys Brother (Somebodys Brother Album Version)
root - ERROR - No text for Tiny Tim - You Called It Madness [But I Call It Love] [Live At Royal Albert Hall]
root - ERROR - No text for Shamen - Scientas
root - ERROR - No text for William Coulter - The Painter And The Magician
root - ERROR - No text for Charles Williams And His Orchestra - Portrait Of Clare (from Portrait Of Clare)
root - ERROR - No text for Nick Cave & The Bad Seeds - The Hammer Song (2010 Digital Remaster)
root - ERROR - No text for Barrabas - Broadway Star
root - ERROR - No text for Malcolm McLaren - You Need Hands (1993 Digital Remaster)
root - ERROR - No text for The Brooklyn Tabernacle Choir - All That You Need
root - ERROR - No text for Birmingham Jubilee Singers - Hope Ill Join That Band
root - ERROR - No text for Capleton - Conscience Ah Heng Dem
root - ERROR - No text for Steve Erquiaga - Sicilienne
root - ERROR - No text for Mickey And The Students - Gimme Gimme Song
root - ERROR - No text for Chimaira - Severed (demo) (Album Version)
root - ERROR - No text for Lara - Nur eine Nacht mit Dir
root - ERROR - No text for The Shamen - Heal (The Separation) [H.E.L.P Breakbeat]
root - ERROR - No text for Jackie Edwards - Worrying Over You
root - ERROR - No text for Frankie Randall - Winter Wonderland
root - ERROR - No text for Arturo Sandoval - Luna de miel en Guama
root - ERROR - No text for Tommy Overstreet - Heart Of Dixie
root - ERROR - No text for Kzss & Atma - Obsidian Sunrise
root - ERROR - No text for Professor Longhair - Junco Partner
root - ERROR - No text for Stelios Dionisiou - To Sinnefo
root - ERROR - No text for J.C. Lodge - You Are The One
root - ERROR - No text for Hubert Kah - Raketen
root - ERROR - No text for Piero Umiliani - Apertura in jazz
root - ERROR - No text for Tabu Ley Rochereau - Maputo
root - ERROR - No text for Sergio Mendes / Black Eyed Peas - Mas Que Nada
root - ERROR - No text for Janice Vidal - Water-Liked
root - ERROR - No text for Les Bantous De La Capitale - \xc3\x80 Mon Avis
root - ERROR - No text for Sivuca - Energia
root - ERROR - No text for Moss - There Alone Go I
root - ERROR - No text for Blind Boy Fuller - Put You Back In The Jail
root - ERROR - No text for Paula Santoro - The Girl From Ipanema (Garota De Ipanema)
root - ERROR - No text for Sunscreem - Secrets
root - ERROR - No text for Louis Prima And Keely Smith - Autumn Leaves (1999 Digital Remaster)
root - ERROR - No text for Robert Lockwood_ Jr. - Shes Little And Shes Low
root - ERROR - No text for Jeremy Spencer - Maria De Santiago
root - ERROR - No text for Bob Margolin - No Consolation
root - ERROR - No text for The Gone Jackals - Faith Healer (Digital Single)
root - ERROR - No text for D Militante - T.V. & Movies
root - ERROR - No text for Michelle & Vickie - Ying Guang Hu Die
root - ERROR - No text for Pamelo Mounka - On ne meurt quune fois
root - ERROR - No text for Los Fernandos - All My Loving
root - ERROR - No text for Kool Savas - Therapie
root - ERROR - No text for Rainie Yang - Nu Sheng Wo Zui Da (OT:That Thrill)
root - ERROR - No text for New Order - Jetstream - Arthur Baker Remix
root - ERROR - No text for Damone - Child Of The Night
root - ERROR - No text for Furry Lewis - Old Hobo
root - ERROR - No text for Chris Farlowe - I Just Need Your Lovin - Original
root - ERROR - No text for Joe Turner - Here Comes Your Iceman (LP Version)
root - ERROR - No text for Porcupine Tree - Moon Loop
root - ERROR - No text for DeGarmo & Key - He Has Risen (Communication Album Version)
root - ERROR - No text for Frank Chacksfield - Heidi
root - ERROR - No text for David Bowie - Space Oddity (1997 Digital Remaster)
root - ERROR - No text for Bone Thugs-N-Harmony - Fearless [Interlude] (Explicit Album Version)
root - ERROR - No text for Klaus Badelt - After The Fire
root - ERROR - No text for Agnes - Non Conformist Acclaimed
root - ERROR - No text for The Party Group - El Ventilador
root - ERROR - No text for Mac McAnally - If You Hang Around Long Enough
root - ERROR - No text for T.O.K. - Hotta
root - ERROR - No text for Leo Gandelman - Bari Bossa
root - ERROR - No text for Leon Russell - Jambalaya (On The Bayou)
root - ERROR - No text for Bill Laswell - The Gary Selchie - Solas
root - ERROR - No text for Francis Lai - La valse du mariage
root - ERROR - No text for Herbst9_ Zev - Awakening of the Soulless
root - ERROR - No text for Britney Spears feat. Pharrell Williams - Boys
root - ERROR - No text for Crazy Horse - Dance_ Dance_ Dance  (Album Version)
root - ERROR - No text for Sam Butera & The Witnesses - Perdido (1999 Digital Remaster)
root - ERROR - No text for Lee Ritenour / Jeff Mironov - A Little Bit Of This And A Little Bit Of That
root - ERROR - No text for Dine et D\xc3\xa9on - G\xc3\xa9raldine
root - ERROR - No text for Martin Denny - Burma Train Change
root - ERROR - No text for DJ Nasty - Buy You A Drink
root - ERROR - No text for Santana - With A Little Help From My Friends
root - ERROR - No text for Ray Sandoval - A La Naturaleza
root - ERROR - No text for Amalia Avgoustaki - Dimitroula
root - ERROR - No text for Choir & Great Symphony Orchestra of the All-Union Radio_ N. Shpiller_ S. Krassovsky_ V. Gagarina & N - Requiem Mass_ K. 626_ 1791: Agnus Dei (Larghetto)
root - ERROR - No text for Elva Hsiao - Gotta Let It Go
root - ERROR - No text for Avril - The Matter With You (Part I_ Ii_ Iii)
root - ERROR - No text for Sticky Fingaz & Omar Epps - Dont Owe Me Nothin
root - ERROR - No text for Gloria De Haven - Diamonds Are A Girls Best Friend
root - ERROR - No text for Bessie Smith - Cold In Hands Blues
root - ERROR - No text for MC5 - Miss X (LP Version)
root - ERROR - No text for Shirley Caesar - Angels We Have Heard On High (Album Version)
root - ERROR - No text for C\xc3\xa9line Dion - Un Garcon Pas Comme Les Autres
root - ERROR - No text for Andy Griffith - Just A Closer Walk With Thee
root - ERROR - No text for IYOV - Hipster Haircut
root - ERROR - No text for Otis Taylor - Round and Round
root - ERROR - No text for Laron aka Swan featuring Alexander East - Up All Night - Remix
root - ERROR - No text for Alfredo Kraus/Tatiana Troyanos/London Philharmonic Orchestra/Michel Plasson - Werther (1997 Digital Remaster)_ PREMIER ACTE/ACT ONE/ERSTES AKT: Mon \xc3\xa2me a reconnu votre \xc3\xa2me(Werther/Charlotte)
root - ERROR - No text for Righteous Brothers - See That Girl
root - ERROR - No text for Five Fingers of Funk - Genuine
root - ERROR - No text for Michael Whalen - A New Heart
root - ERROR - No text for Randy Travis - Wind In The Wire (Album Version)
root - ERROR - No text for The Grip Weeds - Changed
root - ERROR - No text for Andy & Lucas - Amores Cobardes
root - ERROR - No text for M\xc3\xb3veis Coloniais de Acaju - Perca peso
root - ERROR - No text for John D. Loudermilk - Brown Girl
root - ERROR - No text for Glen Campbell And Bobbie Gentry - Mornin Glory
root - ERROR - No text for Pablo Montero - La Copa Grande
root - ERROR - No text for Jay P\xc3\xa9rez - Ojitos Dormilones
root - ERROR - No text for Arturo Sandoval - My Funny Valentine
root - ERROR - No text for Wednesday 13s Frankenstein Drag Queens From Planet 13 - Hit And Rape (Album Version)
root - ERROR - No text for Dub Pistols feat. Lindy Layton & Rodney P - Im In Love
root - ERROR - No text for Darwins Waiting Room - Feel So Stupid (Table 9)
root - ERROR - No text for Andr\xc3\xa9 Minvielle - Les Chaudrons
root - ERROR - No text for A.Z. - We Cant Win
root - ERROR - No text for Herbert Von Karajan - Die Fledermaus - Operette in drei Akten/Silvester-Einlagen/Dein ist mein ganzes Herz (aus Das Land des L\xc3\xa4chelns)
root - ERROR - No text for Hassan Annouri feat. Cassandra Steen - Wahrheit
root - ERROR - No text for Gaiteros de Pillopo - El Barbero
root - ERROR - No text for Paul Taylor / Terry Dexter - Long Distance Relationship
root - ERROR - No text for Bukue One - Ready Now
root - ERROR - No text for Hiram Bullock - Voodoo Chile
root - ERROR - No text for Serpentine - Rainbow Ride
root - ERROR - No text for Crazy Horse - Scratchy (Takes 1-3 / bonus track)
root - ERROR - No text for Slim Whitman - As You Take A  Walk Through My Mind
root - ERROR - No text for Justin - WA-KA-BAM!!
root - ERROR - No text for Barbara Lusch - Now_ Baby_ or Never
root - ERROR - No text for Rapha\xc3\xabl - Le Petit Train (Mix\xc3\xa9 Par Mark Plati)
root - ERROR - No text for Ini Kamoze - Goodness & Mercy
root - ERROR - No text for Sugar Minott - Walking Dub
root - ERROR - No text for Stevie Ray Vaughan And Double Trouble - Chitlins Con Carne
root - ERROR - No text for Mance Lipscomb - Motherless Children (Remastered Version) (Take 2)
root - ERROR - No text for Randy Travis - On The Other Hand (Remastered Album Version)
root - ERROR - No text for Los Chichos - El Te Daba Mala Vida
root - ERROR - No text for La Portuaria - Palabras De Amor(En Vivo)
root - ERROR - No text for Michael Bloomfield - Let the People Dance
root - ERROR - No text for Beatnuts featuring dead prez and Cheryl Pepsi Riley - Look Around featuring dead prez and Cheryl Pepsi Riley
root - ERROR - No text for Rene Touzet - Mi Son Maracaibo
root - ERROR - No text for Bill Laswell - Dont Lose Control
root - ERROR - No text for Jazz Gillum - Little Woman
root - ERROR - No text for Sonny Terry & Brownie McGhee - My Bulldog Blues
root - ERROR - No text for Michael McDonald - Love Can Break Your Heart (LP Version)
root - ERROR - No text for Free - Broad Daylight - The BBC Sessions [Top Gear 17/3/69]
root - ERROR - No text for Leo Ku - Shi Shang Zui Qiang Man Hua Wang Da Luan Dou
root - ERROR - No text for Frankie Randall - Rudolph The Red Nosed Reindeer
root - ERROR - No text for Flor Silvestre - Luna De Octubre
root - ERROR - No text for Capleton - Say Yeah
root - ERROR - No text for Demonbreed - Hell Will Reign
root - ERROR - No text for Joe Heaney - The Ferocious O Flahertys
root - ERROR - No text for Remmy Ongala - I Want To Go Home
root - ERROR - No text for The Last - Century City Rag
root - ERROR - No text for Jimmy Riley - Life
root - ERROR - No text for Helen OConnell - The Sweetest Sounds
root - ERROR - No text for The Sun Harbors Chorus-Documentary Recordings - America the Beautiful
root - ERROR - No text for DCS - Tu Hi Tu Sada
root - ERROR - No text for Muse - Exogenesis: Symphony Part 1 [Overture]
root - ERROR - No text for Kraftwerk - Computer Love (2009 Digital Remaster)
root - ERROR - No text for Singing Melody - Someone To Hold
root - ERROR - No text for Bill & Gloria Gaither - He Will Lead His Children Home
root - ERROR - No text for Willie Clancy - Air: My Lagan Love
root - ERROR - No text for Chris Clark - Tyre
root - ERROR - No text for Gran Coquivacoa - Son Sabroso
root - ERROR - No text for Gary Nichols - Paper Doll
root - ERROR - No text for Gabinete Caligari - Viaje Al Averno
root - ERROR - No text for James Newton Howard - The Burp Heard Round The World
root - ERROR - No text for Tom Barabas - Sedona Suite
root - ERROR - No text for Joe Rogan - Not Homophobic/The Word Is Cock (Spoken Word) (Album Version)
root - ERROR - No text for Mista - Ill Sweat You (LP Version)
root - ERROR - No text for Brian Free & Assurance - Emmaus
root - ERROR - No text for Dream Warriors - Sound Clash
root - ERROR - No text for The In Crowd / Jah Stitch - Baby My Love
root - ERROR - No text for Groucho Marx - Selling Jolson A Baseball Team
root - ERROR - No text for Alceu Valen\xc3\xa7a - Sete Desejos
root - ERROR - No text for Tito Puente - Mambo Suavecito
root - ERROR - No text for Crazy Horse - E se tu lontana sei
root - ERROR - No text for One Block Radius - All On Our Own
root - ERROR - No text for Various Indian Tribes - Mountain By The Sea (Tribe Unknown)
root - ERROR - No text for Timo Maas - Bad Days
root - ERROR - No text for Nana Caymmi - Nossa Dan\xc3\xa7a
root - ERROR - No text for Anat Ben David - Moon Boom
root - ERROR - No text for Butthole Surfers - All Day
root - ERROR - No text for Memphis La Blusera - La Revoluci\xc3\xb3n
root - ERROR - No text for Twila Paris - We Will Glorify (Key-B-Db-Premiere Performance Plus)
root - ERROR - No text for The Michael Stanley Band - Waste A Little Time On Me
root - ERROR - No text for Mariano Yanani - Air_ Siote No. 3 (J.S. Bach)
root - ERROR - No text for Malkit Singh - Mana Laina Chahida
root - ERROR - No text for Carlos Baute - Angelito (Directo 09)
root - ERROR - No text for Marga Gomez - Hot Dental Supplies
root - ERROR - No text for Jean-Jacques Goldman - L\xc3\xa0-Bas
root - ERROR - No text for Etienne de Cr\xc3\xa9cy\xc2\xa0 - D\xc3\xa9stockage massif (with Alex Gopher)
root - ERROR - No text for T-la Rock - Back To Burn
root - ERROR - No text for Silent Stream Of Godless Elegy - Theme III
root - ERROR - No text for Stiff Meat - Lonely
root - ERROR - No text for Sonora Santanera - Estoy Pensando En T\xc3\xad
root - ERROR - No text for Asterisk* - Iron-head: Palestine
root - ERROR - No text for Dr. Elmo - Grandmas Spending Christmas with the Superstars
root - ERROR - No text for Rodney O & Joe Cooley - Murda
root - ERROR - No text for Gus Cannon - Big Railroad Blues
root - ERROR - No text for Suicide - Do It Nice
root - ERROR - No text for William Orbit - The Monkey King
root - ERROR - No text for Point Of Grace - Amazing (LP Version)
root - ERROR - No text for Lee Ritenour - Can You Feel It?
root - ERROR - No text for Max Melvin - Someday
root - ERROR - No text for Plagia - Floripa
root - ERROR - No text for Hollywood Bowl Orchestra / John Mauceri - John Dunbar Theme [Dances with Wolves]
root - ERROR - No text for Rainer Bielfeldt - Gewisse Leute
root - ERROR - No text for X - Motel Room In My Bed (LP Version)
root - ERROR - No text for Intars Busulis - ???????
root - ERROR - No text for Jedi Mind Tricks - Brute Force II
root - ERROR - No text for Fiona - No More Lonely Nights
root - ERROR - No text for Carl Crack - Dogon
root - ERROR - No text for France DAmour - Ma soeur
root - ERROR - No text for Mindless Self Indulgence - Never Wanted to Dance (Live In London)
root - ERROR - No text for Ray Charles - Losing Hand & Dialog #3 (w/reverb) (Rehearsal Session with Ahmet Ertegun_ 1953)
root - ERROR - No text for Laurindo Almeida - Pega Joso
root - ERROR - No text for Mandi - Pieni Maailma
root - ERROR - No text for Irrevers\xc3\xadveis - Os Dois Irrevers\xc3\xadveis
root - ERROR - No text for Curtis Mayfield - This Year
root - ERROR - No text for PMD - The Awakening
root - ERROR - No text for Alain Morisod - Besame Mucho
root - ERROR - No text for Tom Cochrane - Whats In You?
root - ERROR - No text for Gold City - It Came Upon The Midnight Clear
root - ERROR - No text for Roy Drusky - Country Rose
root - ERROR - No text for SAF - Skopska situacija
root - ERROR - No text for Pursuit Of Happiness - Hard To Laugh
root - ERROR - No text for Jane Winther - Deep Voices
root - ERROR - No text for Gym Class Heroes - New Friend Request (Amended Version)
root - ERROR - No text for Xmilk - Why
root - ERROR - No text for Mario Rosenstock - Smoke
root - ERROR - No text for Jape Squad - Bus Monkeys
root - ERROR - No text for Frankee - Gotta Man
root - ERROR - No text for Williamson - Time Youll Never Get Back
root - ERROR - No text for Operator - Soulcrusher (Amended Album Version)
root - ERROR - No text for The Stooges - T.V. Eye (Take 3)
root - ERROR - No text for Dntel - A Machine and a Memory Keeps You Alive
root - ERROR - No text for David Meece - Some People They Never Believe (LP Version)
root - ERROR - No text for Harvey Averne - Why Cant We Really Be Free
root - ERROR - No text for Tyrone Taylor - Members Only
root - ERROR - No text for Kaija Koo - Savu h\xc3\xa4lvenee
root - ERROR - No text for Erik Berglund - All I Ask Of You
root - ERROR - No text for G\xc3\xbcnter Noris - Tigerauge Rock
root - ERROR - No text for Chico Hamilton - Autumn In New York
root - ERROR - No text for Andr\xc3\xa9a - Its Not Whatcha Got (Fondling Club Mix)
root - ERROR - No text for Placebo - Where Is My Mind (XFM Live Version)
root - ERROR - No text for Azukx - Lift (Joi Blarneyformasian)
root - ERROR - No text for Chris Farlowe - Paperman_ Fly In The Sky - Original
root - ERROR - No text for Orquesta Broadway - El Termometro
root - ERROR - No text for Kenny Neal - Since I Met You Baby
root - ERROR - No text for MC5 - Looking At You (Cody High School)
root - ERROR - No text for Ghorwane - Matarlatanta
root - ERROR - No text for Nichols - Dirty tarraxa 2 (feat. Neuza)
root - ERROR - No text for Francis Dunnery - The Ava Song
root - ERROR - No text for Julien Clerc - Comme Si C\xc3\xa9tait Doux
root - ERROR - No text for Ennio Morricone - S.O.S.la Fine (Reprise 2
root - ERROR - No text for Vaselines - Teenage Superstars
root - ERROR - No text for Catia Werneck - Himalaya Dreams
root - ERROR - No text for Off Broadway - Bully Bully (LP Version)
root - ERROR - No text for Bill & Gloria Gaither - Holy Ground (Homecoming Hymns Version)
root - ERROR - No text for H\xc3\xa9lio Ziskind - Era um dia desses
root - ERROR - No text for Pumpkin Buzzard - Hard Pure
root - ERROR - No text for Memphis Minnie - Pig Meat On The Line
root - ERROR - No text for Mississippi John Hurt - Waiting For You (I Forgive You Before I Go)
root - ERROR - No text for Caspa - Back to 93
root - ERROR - No text for Pacha Massive - Take The Wheel
root - ERROR - No text for Kardinal Offishall / Keri Hilson - Numba 1 (Tide Is High)
root - ERROR - No text for THE COOKIES - Chains (LP Version)
root - ERROR - No text for Peppermint Creeps - Bastard
root - ERROR - No text for M Sane - Unda Da Influence
root - ERROR - No text for Oeschs die Dritten - Der weisse Mond von Maratonga
root - ERROR - No text for The Grip Weeds - Melancholia
root - ERROR - No text for Gloria - If Music Be The Food Of Love
root - ERROR - No text for Seal - Prayer For The Dying (Album Version)
root - ERROR - No text for Sir Neville Marriner - Ancient Airs and Dances (1996 Digital Remaster)_ Suite No. 2: III.  Campanae parisienses (anon.) - Aria (Marin Mersenne)
root - ERROR - No text for Nickelback - Follow You Home (Album Version)
root - ERROR - No text for Ang\xc3\xa9lica Mar\xc3\xada - Una Sopita De Tu Propio Chocolate
root - ERROR - No text for Chris Standring - Say What!?!
root - ERROR - No text for Mons Leidvin Takle - Blott En Dag
root - ERROR - No text for Nicholas Hooper - The Sirius Deception (Album Version)
root - ERROR - No text for The Ocean - Catharsis Of A Heretic
root - ERROR - No text for Los Solitarios - Verdad Amarga
root - ERROR - No text for Glen Washington - Your Love
root - ERROR - No text for Josh Groban - Mai [Live]
root - ERROR - No text for Josh White - This Heart Of Mine
root - ERROR - No text for The Paynes - When He Was On The Cross (I Was On His Mind)
root - ERROR - No text for Bacilos - Lo Mismo Que Yo (Bonus Track)
root - ERROR - No text for Scalplock - Pedagogy for the Oppressed (Album Version)
root - ERROR - No text for Erkki Junkkarinen - Rakkautta K\xc3\xb6\xc3\xb6penhaminassa - F\xc3\xb6r\xc3\xa4lskad i K\xc3\xb6penhamn -
root - ERROR - No text for Juggler - How It Feels
root - ERROR - No text for Lee Ritenour - Keep It Alive
root - ERROR - No text for The Fever - Bye Bye Betty Blue
root - ERROR - No text for KRS-One - Getaway
root - ERROR - No text for Washboard Sam - Come On In
root - ERROR - No text for Vanessa Bell Armstrong - Greater
root - ERROR - No text for Information Society - Hack 1/Charlie X
root - ERROR - No text for Tito Rodriguez_ Louie Ramirez - La Piel de Tu Alma
root - ERROR - No text for Margaret Smith - Disciplinarian
root - ERROR - No text for Wilks featuring doniki - Fly to zion
root - ERROR - No text for Carlos Baute - Estas hecha para mi (Directo 09)
root - ERROR - No text for Blind Blake & The Royal Victoria Hotel Calypsos - Bahama Lullaby
root - ERROR - No text for John Tchicai - Musica Sacra Nova: Morgen I Frydenlund
root - ERROR - No text for Toots Thielemans - Le Temps Des Cerises
root - ERROR - No text for Susana Seivane - Mazurcas das R\xc3\xadas Baixas
root - ERROR - No text for Oztara - Val\xc3\xa9rie
root - ERROR - No text for Black Eyed Peas / Les Nubians / Mos Def - On My Own
root - ERROR - No text for The Frequency - Ego is the drug/3am
root - ERROR - No text for Giorgos Tsalikis - Apotoma
root - ERROR - No text for MDO - Tonight_ Te Amar\xc3\xa9
root - ERROR - No text for Between The Buried And Me - Foam Born (A) The Backtrack (Album Version)
root - ERROR - No text for Tania Maria - Vem Pra Roda
root - ERROR - No text for Massiel - Acorde\xc3\xb3n
root - ERROR - No text for Yahir - El Amor (Version Nortena)
root - ERROR - No text for Static-X - Love Dump (Clean Album Version)
root - ERROR - No text for Paso Doble - Kleine Killer
root - ERROR - No text for Gruppo Jazz Marca - Sensazioni a_b & c
root - ERROR - No text for Atman - Dancing With the Goddess (ttt rmx)
root - ERROR - No text for Biddu - Raag Trance
root - ERROR - No text for Parachute Band - No Eye Has Seen
root - ERROR - No text for Wilmington Chester Mass Choir - Lord Youre Worthy
root - ERROR - No text for Raze - Laying Down My Will (The Plan Album Version)
root - ERROR - No text for Stewart Francke - Across Deckers Field
root - ERROR - No text for James Last - Summer Rain
root - ERROR - No text for 5th Ward Boyz - Undercover Gangstas
root - ERROR - No text for Bill Perkins - Swing Spring
root - ERROR - No text for B\xc3\xa9zu - La bite du plombier
root - ERROR - No text for Spliff - S.O.S.
root - ERROR - No text for Bert Kaempfert And His Orchestra - Wheeling Free
root - ERROR - No text for Rachel Portman - Bridget
root - ERROR - No text for Miossec - Nos plus belles ann\xc3\xa9es
root - ERROR - No text for Memphis Sheiks - Ramblin On My Mind
root - ERROR - No text for Champion Jack Dupree - Snaps Drinking Woman (LP Version)
root - ERROR - No text for My Chemical Romance - House Of Wolves (Album Version)
root - ERROR - No text for The Mad Capsule Markets -  -start ID-
root - ERROR - No text for Schizoid - Dementia
root - ERROR - No text for Bare Jr. - Snippet 15
root - ERROR - No text for Roger Williams - Cool Water
root - ERROR - No text for Del Tha Funkee Homosapien - Ya Lil Crumbsnatchers (LP Version)
root - ERROR - No text for Kai Winding - Captin Kut-Cha
root - ERROR - No text for Aiden - Killing Machine
root - ERROR - No text for Cal Tjader - Manuels Mambo
root - ERROR - No text for Ill Nino - All I Ask For (Album Version)
root - ERROR - No text for Za\xc3\xafko Langa Langa - Fonsi
root - ERROR - No text for Rebecca Lynn Howard - Im Over You (Album Version)
root - ERROR - No text for Dive - Contact
root - ERROR - No text for Barbara Lusch - Why Dont You Do Right
root - ERROR - No text for H\xc3\xa9lio Ziskind - Tel\xc3\xaa
root - ERROR - No text for Charlie Rich - Only Me
root - ERROR - No text for Virtuoso - Beautiful Maria of My Soul
root - ERROR - No text for Karen Peck And New River - Feels Good To Be Free
root - ERROR - No text for Judy Mowatt - Trade Winds
root - ERROR - No text for Marlene Dietrich - No Love No Nothing
root - ERROR - No text for Michael Bloomfield - I Must See Jesus
root - ERROR - No text for Knack - A World Of My Own
root - ERROR - No text for Mulberry Lane - Come Dance With Me
root - ERROR - No text for Tom Barabas - More Than Words
root - ERROR - No text for Modeselektor - We Do It Too
root - ERROR - No text for Naseebo Lal_ Arif Lohar - Mar gaye te sada naal
root - ERROR - No text for Chris Brown - Talking Drum (Isea 95)
root - ERROR - No text for DJ Taz - C.O.G. To The ATL
root - ERROR - No text for Gabriel Yared - La cl\xc3\xa9 parfum\xc3\xa9e
root - ERROR - No text for Starless & Bible Black - Hermione
root - ERROR - No text for Gustavo A. Santaolalla - La Vuelta
root - ERROR - No text for Widespread Bloodshed - Wepons Of Mass Deception
root - ERROR - No text for Smut Peddlers - Chicken Strips (THE DEMOS version)
root - ERROR - No text for G\xc3\xbcnter Noris - Was Machst Du Mit Dem Knie_ Lieber Hans?
root - ERROR - No text for Afrob feat. Sarah - Gief Konjunkturpaket VI
root - ERROR - No text for Shinehead - The Real Rock
root - ERROR - No text for Milo - Back Into Business
root - ERROR - No text for Ol Dirty Bastard - Hippa To Da Hoppa [Explicit Version]
root - ERROR - No text for Six Brown Brothers - Battery Acid
root - ERROR - No text for Mario Garcia - Mis Sue\xc3\xb1os feat Norma Castro
root - ERROR - No text for Eddie Jones - Perfidia
root - ERROR - No text for Audio Adrenaline - Will Not Fade  (Hit Parade Album Version (new Song))
root - ERROR - No text for Pacha Massive - Just Want To See Ya
root - ERROR - No text for Zuma - Inferior (Late Night Version)
root - ERROR - No text for Nick Conolly - Pseudoephedrine
root - ERROR - No text for Rupa & the April Fishes - Cest Moi
root - ERROR - No text for Vitamin C - About Last Night (LP Version)
root - ERROR - No text for Rickie Lee Jones - Coolsville (Live Acoustic Version)
root - ERROR - No text for The Fabulous Thunderbirds - I Cant Quit You Baby (Live) [Never Released]
root - ERROR - No text for Tex Williams - Smoke! Smoke! Smoke! (That Cigarette)
root - ERROR - No text for Faithless - Six
root - ERROR - No text for Jo Privat - Sous Les Ponts De Paris
root - ERROR - No text for Marion Harris - Would You Like To Take A Walk?
root - ERROR - No text for Gus Viseur - Le Bal Du Ptit Jardin
root - ERROR - No text for Willie Bobo - A Little Tear
root - ERROR - No text for Ice Cube - When Will They Shoot?
root - ERROR - No text for US Coast Guard Band - Independentia
root - ERROR - No text for Bill Douglas - Highland
root - ERROR - No text for Michael Bloomfield - Youre Killing My Love
root - ERROR - No text for Chariots - Ghosts
root - ERROR - No text for J. Karjalainen & Mustat Lasit - Keinu Kanssani (2003 Digital Remaster)
root - ERROR - No text for Kari Tapio - Rakkauden veteraani
root - ERROR - No text for John Frizzell - DEFCON 4
root - ERROR - No text for Steve Chou - Wo Men De Fei Leng Cui
root - ERROR - No text for Cantara - Ubi Caritas
root - ERROR - No text for Mongo Santamaria - Hush
root - ERROR - No text for Bert Kaempfert And His Orchestra - Lets Go Home
root - ERROR - No text for Vincenzo Bellini - Bellini: Norma: Vanne_ e li cela entrambi
root - ERROR - No text for Jimmy Wakely - If Santa Claus Could Bring You Back To Me
root - ERROR - No text for Christian Quast - You Are!
root - ERROR - No text for James Scott Skinner - Mrs Scott Skinner / Mackenzie Hay / The Devils Elbow
root - ERROR - No text for Evolution - Peyote
root - ERROR - No text for Theodor Zox - Whats in a number & Feed me lies remixes
root - ERROR - No text for Mix Mob - Intro: The Dragon
root - ERROR - No text for Between The Buried And Me - Geek USA (Album Version)
root - ERROR - No text for Oldelaf et Monsieur D - La f\xc3\xaate \xc3\xa0 la prison
root - ERROR - No text for LORE - Pluvialus
root - ERROR - No text for The Embarrassment - Song For Val
root - ERROR - No text for Tiny Bradshaw - The Train Kept A Rollin
root - ERROR - No text for Andr\xc3\xa9 Verchuren - Aviatic
root - ERROR - No text for Kool Savas - Keiner au\xc3\x9fer uns
root - ERROR - No text for Latif - Luv In the First
root - ERROR - No text for Otis Spann - Cant Do Me No Good
